[2024-08-12 22:33:08] [warning] Método HTTP não suportado
[2024-08-12 22:33:40] [warning] Dados inválidos fornecidos na requisição
[2024-08-12 22:34:23] [warning] Dados inválidos fornecidos na requisição
[2024-08-12 22:36:23] [warning] Dados inválidos fornecidos na requisição
[2024-08-12 22:36:44] [warning] Dados inválidos fornecidos na requisição
[2024-08-12 22:39:26] [warning] Nenhuma tarifa encontrada para a combinação de cidade e categoria
[2024-08-12 22:42:22] [info] Requisição processada com sucesso
[2024-08-12 22:42:34] [info] Requisição processada com sucesso
[2024-08-12 22:42:46] [info] Requisição processada com sucesso
[2024-08-12 22:44:01] [info] Requisição processada com sucesso
[2024-08-12 22:44:04] [info] Requisição processada com sucesso
[2024-08-12 22:44:08] [info] Requisição processada com sucesso
[2024-08-12 22:46:16] [info] Requisição processada com sucesso
[2024-08-12 22:48:44] [warning] Método HTTP não suportado
[2024-08-12 22:48:46] [warning] Método HTTP não suportado
[2024-08-12 22:48:47] [warning] Método HTTP não suportado
[2024-08-12 22:50:04] [warning] Método HTTP não suportado
[2024-08-12 22:50:38] [info] Requisição processada com sucesso
[2024-08-12 22:50:55] [info] Requisição processada com sucesso
[2024-08-12 22:51:04] [info] Requisição processada com sucesso
[2024-08-12 22:51:05] [info] Requisição processada com sucesso
[2024-08-12 22:51:09] [warning] Dados inválidos fornecidos na requisição
[2024-08-12 22:51:11] [warning] Dados inválidos fornecidos na requisição
[2024-08-12 22:51:14] [info] Requisição processada com sucesso
[2024-08-12 22:51:19] [warning] Dados inválidos fornecidos na requisição
[2024-08-12 22:51:23] [info] Requisição processada com sucesso
[2024-08-12 22:52:19] [warning] Método HTTP não suportado
[2024-08-12 22:52:27] [info] Requisição processada com sucesso
[2024-08-12 22:54:33] [info] Requisição processada com sucesso
[2024-08-12 22:58:33] [info] Requisição processada com sucesso
[2024-08-12 22:59:22] [info] Requisição processada com sucesso
[2024-08-12 22:59:31] [warning] Dados inválidos fornecidos na requisição
[2024-08-12 22:59:32] [warning] Dados inválidos fornecidos na requisição
[2024-08-12 22:59:32] [warning] Dados inválidos fornecidos na requisição
[2024-08-12 22:59:37] [info] Requisição processada com sucesso
[2024-08-12 23:01:02] [info] Requisição processada com sucesso
[2024-08-12 23:03:41] [info] Requisição processada com sucesso
[2024-08-12 23:03:43] [info] Requisição processada com sucesso
[2024-08-12 23:06:25] [info] Requisição processada com sucesso
[2024-08-12 23:06:26] [info] Requisição processada com sucesso
[2024-08-12 23:19:07] [info] Categorias consultadas com sucesso
[2024-08-12 23:21:30] [info] Categorias consultadas com sucesso
[2024-08-12 23:21:43] [info] Categorias consultadas com sucesso
[2024-08-12 23:21:49] [info] Categorias consultadas com sucesso
[2024-08-12 23:21:53] [info] Categorias consultadas com sucesso
[2024-08-12 23:21:56] [info] Categorias consultadas com sucesso
[2024-08-12 23:22:01] [info] Categorias consultadas com sucesso
[2024-08-12 23:22:09] [info] Categorias consultadas com sucesso
[2024-08-12 23:22:20] [info] Categorias consultadas com sucesso
[2024-08-12 23:22:41] [info] Categorias consultadas com sucesso
[2024-08-12 23:23:58] [info] Nenhuma categoria encontrada para a cidade fornecida
[2024-08-12 23:24:48] [info] Nenhuma categoria encontrada para a cidade fornecida
[2024-08-12 23:24:49] [info] Nenhuma categoria encontrada para a cidade fornecida
[2024-08-12 23:24:54] [info] Nenhuma categoria encontrada para a cidade fornecida
[2024-08-12 23:24:59] [info] Categorias consultadas com sucesso
[2024-08-12 23:25:02] [info] Categorias consultadas com sucesso
[2024-08-12 23:25:06] [info] Categorias consultadas com sucesso
